
> vite_react_shadcn_ts@0.0.0 build
> vite build

vite v5.4.21 building for production...
transforming...
✓ 4402 modules transformed.
rendering chunks...
computing gzip size...
dist/index.html                                                    1.32 kB │ gzip:   0.55 kB
dist/assets/vendor-C7G8Rdaj.css                                   21.91 kB │ gzip:   3.43 kB
dist/assets/index-cMb6nf0C.css                                   318.30 kB │ gzip:  41.39 kB
dist/assets/PersistentTableFooter-DyingoeQ.js                      0.03 kB │ gzip:   0.05 kB
dist/assets/collapsible-CPmbr2Ie.js                                0.11 kB │ gzip:   0.11 kB
dist/assets/useSalesData-Dtirp2W8.js                               0.16 kB │ gzip:   0.14 kB
dist/assets/label-5FxQzmCi.js                                      0.40 kB │ gzip:   0.28 kB
dist/assets/designTokens-CW6vZXXA.js                               0.51 kB │ gzip:   0.33 kB
dist/assets/skeleton-CVjoKuej.js                                   0.60 kB │ gzip:   0.38 kB
dist/assets/SessionsFiltersContext-BWUtJSGq.js                     0.72 kB │ gzip:   0.40 kB
dist/assets/checkbox-CHA0AZTc.js                                   0.74 kB │ gzip:   0.43 kB
dist/assets/NotFound-B4vj4Gbe.js                                   0.77 kB │ gzip:   0.45 kB
dist/assets/DashboardMotionHero-DbwF_Nsj.js                        0.83 kB │ gzip:   0.47 kB
dist/assets/useRegisterTableForCopy-QGidBBCa.js                    0.83 kB │ gzip:   0.47 kB
dist/assets/scroll-area-B7Wzi8VB.js                                0.84 kB │ gzip:   0.44 kB
dist/assets/popover-BPdiGqjV.js                                    0.86 kB │ gzip:   0.47 kB
dist/assets/date-picker-CVj1vNP8.js                                1.00 kB │ gzip:   0.57 kB
dist/assets/progress-DOOD85sJ.js                                   1.01 kB │ gzip:   0.47 kB
dist/assets/BrandSpinner-D5uuuDZj.js                               1.07 kB │ gzip:   0.61 kB
dist/assets/useFilteredSessionsData-CM281Iwf.js                    1.19 kB │ gzip:   0.53 kB
dist/assets/formatters-BN46BVuN.js                                 1.34 kB │ gzip:   0.68 kB
dist/assets/useExpirationsData-jGiyHC2W.js                         1.69 kB │ gzip:   1.08 kB
dist/assets/table-BhDsZ-IJ.js                                      2.03 kB │ gzip:   0.72 kB
dist/assets/useCheckinsData-viUV29VC.js                            2.09 kB │ gzip:   1.26 kB
dist/assets/useSessionsData-gIXbjsyg.js                            2.10 kB │ gzip:   1.24 kB
dist/assets/SourceDataModal-oXykyrPk.js                            2.16 kB │ gzip:   1.00 kB
dist/assets/tabs-D60M3Pj6.js                                       2.20 kB │ gzip:   0.84 kB
dist/assets/OptimizedTable-BW6cPm3l.js                             2.35 kB │ gzip:   0.93 kB
dist/assets/useNewClientData-DZlPVm-X.js                           2.45 kB │ gzip:   1.41 kB
dist/assets/usePayrollData-DICXZKHV.js                             2.53 kB │ gzip:   1.43 kB
dist/assets/useLeadsData-DQjhnE0S.js                               2.90 kB │ gzip:   1.59 kB
dist/assets/button-wWaAKTEa.js                                     3.16 kB │ gzip:   1.16 kB
dist/assets/footer-CzsvP5g7.js                                     3.24 kB │ gzip:   1.12 kB
dist/assets/LoadingSkeleton-CKZ7g-Mo.js                            3.44 kB │ gzip:   0.94 kB
dist/assets/dropdown-menu-CHej24BQ.js                              3.52 kB │ gzip:   0.96 kB
dist/assets/colorThemes-IUmRcfUt.js                                3.69 kB │ gzip:   0.80 kB
dist/assets/useLateCancellationsData-Dmi3ZLj8.js                   3.93 kB │ gzip:   1.46 kB
dist/assets/ModernDataTable-DDSJFfrR.js                            4.12 kB │ gzip:   1.69 kB
dist/assets/useAdvancedExport-7RtkKOcH.js                          4.21 kB │ gzip:   1.75 kB
dist/assets/SectionTimelineNav-Co5NxcLK.js                         4.84 kB │ gzip:   2.14 kB
dist/assets/ClientConversionDrillDownModalV2-vpLBIiqU.js           4.95 kB │ gzip:   1.60 kB
dist/assets/GeminiEnhancementTest-BvQaBZf7.js                      5.19 kB │ gzip:   1.81 kB
dist/assets/calendar-BN78NNwC.js                                   5.35 kB │ gzip:   1.83 kB
dist/assets/ModalSuspense-CDpk7yh8.js                              5.87 kB │ gzip:   1.57 kB
dist/assets/useGoogleSheets-Cvlphq1I.js                            5.92 kB │ gzip:   2.38 kB
dist/assets/FunnelDrillDownModal-DvbC3T1f.js                       6.10 kB │ gzip:   1.83 kB
dist/assets/AutoCloseFilterSection-D4dKF30C.js                     6.41 kB │ gzip:   1.94 kB
dist/assets/SalesMotionHero-CG0IDnha.js                            6.87 kB │ gzip:   2.51 kB
dist/assets/UniversalDrillDownModal-BXcUGlA6.js                    7.15 kB │ gzip:   2.25 kB
dist/assets/AdvancedExportButton-CdKJv0XD.js                       7.56 kB │ gzip:   2.56 kB
dist/assets/PaginatedDrillDownModal-2Cc2VxAg.js                    8.00 kB │ gzip:   2.47 kB
dist/assets/SalesDrillDownModal-DWvU7kU6.js                        8.02 kB │ gzip:   2.23 kB
dist/assets/PowerCycleBarreStrengthDrillDownModal-CSlODRnt.js      8.26 kB │ gzip:   1.61 kB
dist/assets/AdvancedNotesModal-D5UHmdTf.js                         8.41 kB │ gzip:   2.81 kB
dist/assets/router-qJh81K_m.js                                     8.69 kB │ gzip:   3.30 kB
dist/assets/GeminiAIDemo-CQHTwIA3.js                               9.08 kB │ gzip:   3.05 kB
dist/assets/ClientConversionDrillDownModal-BUgBXYwB.js             9.17 kB │ gzip:   1.97 kB
dist/assets/geminiService-BjzPpxaZ.js                              9.48 kB │ gzip:   4.05 kB
dist/assets/CopyTableButton-DVdotxSA.js                            9.77 kB │ gzip:   2.92 kB
dist/assets/DrillDownModal-Jg6Ck7I-.js                            10.01 kB │ gzip:   2.54 kB
dist/assets/HeroDemo-Cyhvzehv.js                                  10.79 kB │ gzip:   3.66 kB
dist/assets/LateCancellationsDrillDownModal-DU7kQMt7.js           11.65 kB │ gzip:   1.82 kB
dist/assets/DiscountDrillDownModal-D3fROUxZ.js                    12.57 kB │ gzip:   2.99 kB
dist/assets/FormatDrillDownModal-BtrRJbjZ.js                      13.15 kB │ gzip:   2.79 kB
dist/assets/PowerCycleVsBarre-DK435G2X.js                         13.19 kB │ gzip:   3.49 kB
dist/assets/Index-DmM4pL4H.js                                     13.65 kB │ gzip:   3.91 kB
dist/assets/ClassAttendanceDrillDownModal-Sn0h8qTa.js             13.80 kB │ gzip:   2.45 kB
dist/assets/DrillDownAnalyticsModal-Bc7Fcuv0.js                   13.86 kB │ gzip:   3.41 kB
dist/assets/ImprovedSessionsTopBottomLists-DIwHpxJ2.js            14.48 kB │ gzip:   4.27 kB
dist/assets/AiNotes-Y0TD1cF1.js                                   15.55 kB │ gzip:   4.65 kB
dist/assets/ModernDrillDownModal-BcXt1wmR.js                      16.45 kB │ gzip:   3.43 kB
dist/assets/EnhancedTrainerDrillDownModal-DlvWUFsa.js             18.91 kB │ gzip:   4.37 kB
dist/assets/ClientConversionDrillDownModalV3-CbB1TNVb.js          19.12 kB │ gzip:   4.54 kB
dist/assets/DynamicTrainerDrillDownModal-hUupZ8QH.js              19.30 kB │ gzip:   5.02 kB
dist/assets/EnhancedSalesDrillDownModal-CMzY_Btj.js               25.35 kB │ gzip:   6.06 kB
dist/assets/vendor-utils-CztUaE-W.js                              26.22 kB │ gzip:   8.05 kB
dist/assets/Sessions-CjVyxzTK.js                                  42.65 kB │ gzip:  10.21 kB
dist/assets/ExpirationAnalytics-Cf4Tu1aF.js                       43.62 kB │ gzip:   9.33 kB
dist/assets/index-B15tOtmc.js                                     44.47 kB │ gzip:  13.40 kB
dist/assets/PowerCycleVsBarreSection-aurmCE1Y.js                  49.08 kB │ gzip:   8.76 kB
dist/assets/DataExport-DgwPOnHY.js                                49.42 kB │ gzip:  13.14 kB
dist/assets/PatternsAndTrends-j8Hi8X3c.js                         53.38 kB │ gzip:  11.26 kB
dist/assets/DiscountsPromotions-DgB18kNQ.js                       75.46 kB │ gzip:  16.14 kB
dist/assets/FunnelLeads-D4FASZcY.js                               78.13 kB │ gzip:  18.02 kB
dist/assets/ExecutiveSummary-CqmPvwgC.js                          81.91 kB │ gzip:  17.42 kB
dist/assets/InfoPopover-C6ULpGr9.js                               88.72 kB │ gzip:  22.67 kB
dist/assets/OutlierAnalysis-B6ew-G6O.js                           89.69 kB │ gzip:  14.75 kB
dist/assets/TrainerPerformance-BRlHFcva.js                        91.85 kB │ gzip:  19.40 kB
dist/assets/LateCancellations-DOiwkxJX.js                         94.21 kB │ gzip:  17.95 kB
dist/assets/ClientRetention-DaZhrw-0.js                          100.09 kB │ gzip:  21.76 kB
dist/assets/radix-ui-BC5H8JD_.js                                 117.50 kB │ gzip:  34.03 kB
dist/assets/ClassAttendance-v5lDQAXP.js                          119.30 kB │ gzip:  24.48 kB
dist/assets/ClassFormatsComparison-DOo544tf.js                   123.88 kB │ gzip:  24.15 kB
dist/assets/react-vendor-Cq9G-Bt1.js                             141.00 kB │ gzip:  45.31 kB
dist/assets/SalesAnalytics-fwgHcaya.js                           151.28 kB │ gzip:  33.93 kB
dist/assets/charts-s81NYbw6.js                                   363.61 kB │ gzip:  89.67 kB
dist/assets/vendor-BRPTpDdo.js                                 1,422.15 kB │ gzip: 431.44 kB

(!) Some chunks are larger than 1000 kB after minification. Consider:
- Using dynamic import() to code-split the application
- Use build.rollupOptions.output.manualChunks to improve chunking: https://rollupjs.org/configuration-options/#output-manualchunks
- Adjust chunk size limit for this warning via build.chunkSizeWarningLimit.
✓ built in 7.68s
